#
# There is insufficient memory for the Java Runtime Environment to continue.
# Native memory allocation (malloc) failed to allocate 32744 bytes for ChunkPool::allocate
# Possible reasons:
#   The system is out of physical RAM or swap space
#   The process is running with CompressedOops enabled, and the Java Heap may be blocking the growth of the native heap
# Possible solutions:
#   Reduce memory load on the system
#   Increase physical memory or swap space
#   Check if swap backing store is full
#   Decrease Java heap size (-Xmx/-Xms)
#   Decrease number of Java threads
#   Decrease Java thread stack sizes (-Xss)
#   Set larger code cache with -XX:ReservedCodeCacheSize=
#   JVM is running with Unscaled Compressed Oops mode in which the Java heap is
#     placed in the first 4GB address space. The Java Heap base address is the
#     maximum limit for the native heap growth. Please use -XX:HeapBaseMinAddress
#     to set the Java Heap base and to place the Java Heap above 4GB virtual address.
# This output file may be truncated or incomplete.
#
#  Out of Memory Error (arena.cpp:78), pid=3900, tid=18316
#
# JRE version: OpenJDK Runtime Environment (17.0.6) (build 17.0.6+0-b2043.56-10027231)
# Java VM: OpenJDK 64-Bit Server VM (17.0.6+0-b2043.56-10027231, mixed mode, tiered, compressed oops, compressed class ptrs, g1 gc, windows-amd64)
# No core dump will be written. Minidumps are not enabled by default on client versions of Windows
#

---------------  S U M M A R Y ------------

Command Line: -Dorg.gradle.appname=gradlew org.gradle.wrapper.GradleWrapperMain -q -Ptarget-platform=android-arm64 -Ptarget=H:\my-P-flutter\flower_app\lib\main.dart -Pmultidex-enabled=true -Pbase-application-name=android.app.Application -Pdart-defines=RkxVVFRFUl9XRUJfQVVUT19ERVRFQ1Q9dHJ1ZQ==,RkxVVFRFUl9XRUJfQ0FOVkFTS0lUX1VSTD1odHRwczovL3d3dy5nc3RhdGljLmNvbS9mbHV0dGVyLWNhbnZhc2tpdC9hNzk0Y2YyNjgxYzZjOWZlN2IyNjBlMGU4NGRlOTYyOThkYzljMThiLw== -Pdart-obfuscation=false -Ptrack-widget-creation=true -Ptree-shake-icons=false -Pfilesystem-scheme=org-dartlang-root assembleDebug

Host: Intel(R) Core(TM) i5-3317U CPU @ 1.70GHz, 4 cores, 7G,  Windows 10 , 64 bit Build 19041 (10.0.19041.3393)
Time: Thu Oct  5 21:17:08 2023 Pacific Daylight Time elapsed time: 14.991232 seconds (0d 0h 0m 14s)

---------------  T H R E A D  ---------------

Current thread (0x0000024b71c3b7b0):  JavaThread "C1 CompilerThread0" daemon [_thread_in_native, id=18316, stack(0x000000fe68600000,0x000000fe68700000)]


Current CompileTask:
C1:  14991 1197       3       java.lang.reflect.AccessibleObject::checkCanSetAccessible (368 bytes)

Stack: [0x000000fe68600000,0x000000fe68700000]
Native frames: (J=compiled Java code, j=interpreted, Vv=VM code, C=native code)
V  [jvm.dll+0x683c9a]
V  [jvm.dll+0x8427a4]
V  [jvm.dll+0x843f9e]
V  [jvm.dll+0x844603]
V  [jvm.dll+0x249b75]
V  [jvm.dll+0xabecc]
V  [jvm.dll+0xac27c]
V  [jvm.dll+0x144cdf]
V  [jvm.dll+0x13f773]
V  [jvm.dll+0x141b45]
V  [jvm.dll+0x13fe24]
V  [jvm.dll+0x14881d]
V  [jvm.dll+0x147d45]
V  [jvm.dll+0x13f58e]
V  [jvm.dll+0x141b45]
V  [jvm.dll+0x13fe24]
V  [jvm.dll+0x139d9f]
V  [jvm.dll+0x1499a6]
V  [jvm.dll+0x135490]
V  [jvm.dll+0x1357f0]
V  [jvm.dll+0x135ab6]
V  [jvm.dll+0x134f4a]
V  [jvm.dll+0x136c11]
V  [jvm.dll+0x22b098]
V  [jvm.dll+0x229159]
V  [jvm.dll+0x7f81ec]
V  [jvm.dll+0x7f274a]
V  [jvm.dll+0x682ad5]
C  [ucrtbase.dll+0x21bb2]
C  [KERNEL32.DLL+0x17344]
C  [ntdll.dll+0x526b1]


---------------  P R O C E S S  ---------------

Threads class SMR info:
_java_thread_list=0x0000024b728f97f0, length=15, elements={
0x0000024b55ec3710, 0x0000024b712fb3f0, 0x0000024b712fd270, 0x0000024b71308400,
0x0000024b71c35110, 0x0000024b71c35ac0, 0x0000024b71c36470, 0x0000024b71c3ad10,
0x0000024b71c3b7b0, 0x0000024b71c58420, 0x0000024b71daef90, 0x0000024b71dbd360,
0x0000024b728a5280, 0x0000024b7358b1b0, 0x0000024b734e7480
}

Java Threads: ( => current thread )
  0x0000024b55ec3710 JavaThread "main" [_thread_in_native, id=14160, stack(0x000000fe67800000,0x000000fe67900000)]
  0x0000024b712fb3f0 JavaThread "Reference Handler" daemon [_thread_blocked, id=15904, stack(0x000000fe67f00000,0x000000fe68000000)]
  0x0000024b712fd270 JavaThread "Finalizer" daemon [_thread_blocked, id=17788, stack(0x000000fe68000000,0x000000fe68100000)]
  0x0000024b71308400 JavaThread "Signal Dispatcher" daemon [_thread_blocked, id=6208, stack(0x000000fe68100000,0x000000fe68200000)]
  0x0000024b71c35110 JavaThread "Attach Listener" daemon [_thread_blocked, id=18300, stack(0x000000fe68200000,0x000000fe68300000)]
  0x0000024b71c35ac0 JavaThread "Service Thread" daemon [_thread_blocked, id=10116, stack(0x000000fe68300000,0x000000fe68400000)]
  0x0000024b71c36470 JavaThread "Monitor Deflation Thread" daemon [_thread_blocked, id=16004, stack(0x000000fe68400000,0x000000fe68500000)]
  0x0000024b71c3ad10 JavaThread "C2 CompilerThread0" daemon [_thread_blocked, id=13916, stack(0x000000fe68500000,0x000000fe68600000)]
=>0x0000024b71c3b7b0 JavaThread "C1 CompilerThread0" daemon [_thread_in_native, id=18316, stack(0x000000fe68600000,0x000000fe68700000)]
  0x0000024b71c58420 JavaThread "Sweeper thread" daemon [_thread_blocked, id=4156, stack(0x000000fe68700000,0x000000fe68800000)]
  0x0000024b71daef90 JavaThread "Notification Thread" daemon [_thread_blocked, id=1976, stack(0x000000fe68800000,0x000000fe68900000)]
  0x0000024b71dbd360 JavaThread "Common-Cleaner" daemon [_thread_blocked, id=15488, stack(0x000000fe68a00000,0x000000fe68b00000)]
  0x0000024b728a5280 JavaThread "pool-1-thread-1" [_thread_blocked, id=10904, stack(0x000000fe68b00000,0x000000fe68c00000)]
  0x0000024b7358b1b0 JavaThread "DisconnectableInputStream source reader" daemon [_thread_in_native, id=9784, stack(0x000000fe69000000,0x000000fe69100000)]
  0x0000024b734e7480 JavaThread "Forward input" [_thread_blocked, id=8652, stack(0x000000fe69100000,0x000000fe69200000)]

Other Threads:
  0x0000024b712f87d0 VMThread "VM Thread" [stack: 0x000000fe67e00000,0x000000fe67f00000] [id=16708]
  0x0000024b71daf870 WatcherThread [stack: 0x000000fe68900000,0x000000fe68a00000] [id=16388]
  0x0000024b55f1fe40 GCTaskThread "GC Thread#0" [stack: 0x000000fe67900000,0x000000fe67a00000] [id=13896]
  0x0000024b72215730 GCTaskThread "GC Thread#1" [stack: 0x000000fe68c00000,0x000000fe68d00000] [id=12092]
  0x0000024b721bcd20 GCTaskThread "GC Thread#2" [stack: 0x000000fe68d00000,0x000000fe68e00000] [id=5164]
  0x0000024b7224ea50 GCTaskThread "GC Thread#3" [stack: 0x000000fe68e00000,0x000000fe68f00000] [id=11884]
  0x0000024b55f311a0 ConcurrentGCThread "G1 Main Marker" [stack: 0x000000fe67a00000,0x000000fe67b00000] [id=15956]
  0x0000024b55f31bb0 ConcurrentGCThread "G1 Conc#0" [stack: 0x000000fe67b00000,0x000000fe67c00000] [id=15328]
  0x0000024b55f8c2d0 ConcurrentGCThread "G1 Refine#0" [stack: 0x000000fe67c00000,0x000000fe67d00000] [id=15760]
  0x0000024b55f8ccf0 ConcurrentGCThread "G1 Service" [stack: 0x000000fe67d00000,0x000000fe67e00000] [id=5068]

Threads with active compile tasks:
C1 CompilerThread0    15097 1197       3       java.lang.reflect.AccessibleObject::checkCanSetAccessible (368 bytes)

VM state: not at safepoint (normal execution)

VM Mutex/Monitor currently owned by a thread: None

Heap address: 0x0000000081c00000, size: 2020 MB, Compressed Oops mode: 32-bit

CDS archive(s) not mapped
Compressed class space mapped at: 0x0000000100000000-0x0000000140000000, reserved size: 1073741824
Narrow klass base: 0x0000000000000000, Narrow klass shift: 3, Narrow klass range: 0x140000000

GC Precious Log:
 CPUs: 4 total, 4 available
 Memory: 8077M
 Large Page Support: Disabled
 NUMA Support: Disabled
 Compressed Oops: Enabled (32-bit)
 Heap Region Size: 1M
 Heap Min Capacity: 8M
 Heap Initial Capacity: 128M
 Heap Max Capacity: 2020M
 Pre-touch: Disabled
 Parallel Workers: 4
 Concurrent Workers: 1
 Concurrent Refinement Workers: 4
 Periodic GC: Disabled

Heap:
 garbage-first heap   total 131072K, used 16160K [0x0000000081c00000, 0x0000000100000000)
  region size 1024K, 10 young (10240K), 3 survivors (3072K)
 Metaspace       used 16091K, committed 16256K, reserved 1064960K
  class space    used 1880K, committed 1984K, reserved 1048576K

Heap Regions: E=young(eden), S=young(survivor), O=old, HS=humongous(starts), HC=humongous(continues), CS=collection set, F=free, OA=open archive, CA=closed archive, TAMS=top-at-mark-start (previous, next)
|   0|0x0000000081c00000, 0x0000000081d00000, 0x0000000081d00000|100%|HS|  |TAMS 0x0000000081c00000, 0x0000000081c00000| Complete 
|   1|0x0000000081d00000, 0x0000000081e00000, 0x0000000081e00000|100%|HC|  |TAMS 0x0000000081d00000, 0x0000000081d00000| Complete 
|   2|0x0000000081e00000, 0x0000000081f00000, 0x0000000081f00000|100%|HC|  |TAMS 0x0000000081e00000, 0x0000000081e00000| Complete 
|   3|0x0000000081f00000, 0x0000000082000000, 0x0000000082000000|100%| O|  |TAMS 0x0000000081f00000, 0x0000000081f00000| Untracked 
|   4|0x0000000082000000, 0x0000000082100000, 0x0000000082100000|100%| O|  |TAMS 0x0000000082000000, 0x0000000082000000| Untracked 
|   5|0x0000000082100000, 0x0000000082200000, 0x0000000082200000|100%| O|  |TAMS 0x0000000082100000, 0x0000000082100000| Untracked 
|   6|0x0000000082200000, 0x00000000822c8200, 0x0000000082300000| 78%| O|  |TAMS 0x0000000082200000, 0x0000000082200000| Untracked 
|   7|0x0000000082300000, 0x0000000082300000, 0x0000000082400000|  0%| F|  |TAMS 0x0000000082300000, 0x0000000082300000| Untracked 
|   8|0x0000000082400000, 0x0000000082400000, 0x0000000082500000|  0%| F|  |TAMS 0x0000000082400000, 0x0000000082400000| Untracked 
|   9|0x0000000082500000, 0x0000000082500000, 0x0000000082600000|  0%| F|  |TAMS 0x0000000082500000, 0x0000000082500000| Untracked 
|  10|0x0000000082600000, 0x0000000082600000, 0x0000000082700000|  0%| F|  |TAMS 0x0000000082600000, 0x0000000082600000| Untracked 
|  11|0x0000000082700000, 0x0000000082700000, 0x0000000082800000|  0%| F|  |TAMS 0x0000000082700000, 0x0000000082700000| Untracked 
|  12|0x0000000082800000, 0x0000000082800000, 0x0000000082900000|  0%| F|  |TAMS 0x0000000082800000, 0x0000000082800000| Untracked 
|  13|0x0000000082900000, 0x0000000082900000, 0x0000000082a00000|  0%| F|  |TAMS 0x0000000082900000, 0x0000000082900000| Untracked 
|  14|0x0000000082a00000, 0x0000000082a00000, 0x0000000082b00000|  0%| F|  |TAMS 0x0000000082a00000, 0x0000000082a00000| Untracked 
|  15|0x0000000082b00000, 0x0000000082b00000, 0x0000000082c00000|  0%| F|  |TAMS 0x0000000082b00000, 0x0000000082b00000| Untracked 
|  16|0x0000000082c00000, 0x0000000082c00000, 0x0000000082d00000|  0%| F|  |TAMS 0x0000000082c00000, 0x0000000082c00000| Untracked 
|  17|0x0000000082d00000, 0x0000000082d00000, 0x0000000082e00000|  0%| F|  |TAMS 0x0000000082d00000, 0x0000000082d00000| Untracked 
|  18|0x0000000082e00000, 0x0000000082e00000, 0x0000000082f00000|  0%| F|  |TAMS 0x0000000082e00000, 0x0000000082e00000| Untracked 
|  19|0x0000000082f00000, 0x0000000082f00000, 0x0000000083000000|  0%| F|  |TAMS 0x0000000082f00000, 0x0000000082f00000| Untracked 
|  20|0x0000000083000000, 0x0000000083000000, 0x0000000083100000|  0%| F|  |TAMS 0x0000000083000000, 0x0000000083000000| Untracked 
|  21|0x0000000083100000, 0x0000000083100000, 0x0000000083200000|  0%| F|  |TAMS 0x0000000083100000, 0x0000000083100000| Untracked 
|  22|0x0000000083200000, 0x0000000083200000, 0x0000000083300000|  0%| F|  |TAMS 0x0000000083200000, 0x0000000083200000| Untracked 
|  23|0x0000000083300000, 0x0000000083300000, 0x0000000083400000|  0%| F|  |TAMS 0x0000000083300000, 0x0000000083300000| Untracked 
|  24|0x0000000083400000, 0x0000000083400000, 0x0000000083500000|  0%| F|  |TAMS 0x0000000083400000, 0x0000000083400000| Untracked 
|  25|0x0000000083500000, 0x0000000083500000, 0x0000000083600000|  0%| F|  |TAMS 0x0000000083500000, 0x0000000083500000| Untracked 
|  26|0x0000000083600000, 0x0000000083600000, 0x0000000083700000|  0%| F|  |TAMS 0x0000000083600000, 0x0000000083600000| Untracked 
|  27|0x0000000083700000, 0x0000000083700000, 0x0000000083800000|  0%| F|  |TAMS 0x0000000083700000, 0x0000000083700000| Untracked 
|  28|0x0000000083800000, 0x0000000083800000, 0x0000000083900000|  0%| F|  |TAMS 0x0000000083800000, 0x0000000083800000| Untracked 
|  29|0x0000000083900000, 0x0000000083900000, 0x0000000083a00000|  0%| F|  |TAMS 0x0000000083900000, 0x0000000083900000| Untracked 
|  30|0x0000000083a00000, 0x0000000083a00000, 0x0000000083b00000|  0%| F|  |TAMS 0x0000000083a00000, 0x0000000083a00000| Untracked 
|  31|0x0000000083b00000, 0x0000000083b00000, 0x0000000083c00000|  0%| F|  |TAMS 0x0000000083b00000, 0x0000000083b00000| Untracked 
|  32|0x0000000083c00000, 0x0000000083c00000, 0x0000000083d00000|  0%| F|  |TAMS 0x0000000083c00000, 0x0000000083c00000| Untracked 
|  33|0x0000000083d00000, 0x0000000083d00000, 0x0000000083e00000|  0%| F|  |TAMS 0x0000000083d00000, 0x0000000083d00000| Untracked 
|  34|0x0000000083e00000, 0x0000000083e00000, 0x0000000083f00000|  0%| F|  |TAMS 0x0000000083e00000, 0x0000000083e00000| Untracked 
|  35|0x0000000083f00000, 0x0000000083f00000, 0x0000000084000000|  0%| F|  |TAMS 0x0000000083f00000, 0x0000000083f00000| Untracked 
|  36|0x0000000084000000, 0x0000000084000000, 0x0000000084100000|  0%| F|  |TAMS 0x0000000084000000, 0x0000000084000000| Untracked 
|  37|0x0000000084100000, 0x0000000084100000, 0x0000000084200000|  0%| F|  |TAMS 0x0000000084100000, 0x0000000084100000| Untracked 
|  38|0x0000000084200000, 0x0000000084200000, 0x0000000084300000|  0%| F|  |TAMS 0x0000000084200000, 0x0000000084200000| Untracked 
|  39|0x0000000084300000, 0x0000000084300000, 0x0000000084400000|  0%| F|  |TAMS 0x0000000084300000, 0x0000000084300000| Untracked 
|  40|0x0000000084400000, 0x0000000084400000, 0x0000000084500000|  0%| F|  |TAMS 0x0000000084400000, 0x0000000084400000| Untracked 
|  41|0x0000000084500000, 0x0000000084500000, 0x0000000084600000|  0%| F|  |TAMS 0x0000000084500000, 0x0000000084500000| Untracked 
|  42|0x0000000084600000, 0x0000000084600000, 0x0000000084700000|  0%| F|  |TAMS 0x0000000084600000, 0x0000000084600000| Untracked 
|  43|0x0000000084700000, 0x0000000084700000, 0x0000000084800000|  0%| F|  |TAMS 0x0000000084700000, 0x0000000084700000| Untracked 
|  44|0x0000000084800000, 0x0000000084800000, 0x0000000084900000|  0%| F|  |TAMS 0x0000000084800000, 0x0000000084800000| Untracked 
|  45|0x0000000084900000, 0x0000000084900000, 0x0000000084a00000|  0%| F|  |TAMS 0x0000000084900000, 0x0000000084900000| Untracked 
|  46|0x0000000084a00000, 0x0000000084a00000, 0x0000000084b00000|  0%| F|  |TAMS 0x0000000084a00000, 0x0000000084a00000| Untracked 
|  47|0x0000000084b00000, 0x0000000084b00000, 0x0000000084c00000|  0%| F|  |TAMS 0x0000000084b00000, 0x0000000084b00000| Untracked 
|  48|0x0000000084c00000, 0x0000000084c00000, 0x0000000084d00000|  0%| F|  |TAMS 0x0000000084c00000, 0x0000000084c00000| Untracked 
|  49|0x0000000084d00000, 0x0000000084d00000, 0x0000000084e00000|  0%| F|  |TAMS 0x0000000084d00000, 0x0000000084d00000| Untracked 
|  50|0x0000000084e00000, 0x0000000084e00000, 0x0000000084f00000|  0%| F|  |TAMS 0x0000000084e00000, 0x0000000084e00000| Untracked 
|  51|0x0000000084f00000, 0x0000000084f00000, 0x0000000085000000|  0%| F|  |TAMS 0x0000000084f00000, 0x0000000084f00000| Untracked 
|  52|0x0000000085000000, 0x0000000085000000, 0x0000000085100000|  0%| F|  |TAMS 0x0000000085000000, 0x0000000085000000| Untracked 
|  53|0x0000000085100000, 0x0000000085100000, 0x0000000085200000|  0%| F|  |TAMS 0x0000000085100000, 0x0000000085100000| Untracked 
|  54|0x0000000085200000, 0x0000000085200000, 0x0000000085300000|  0%| F|  |TAMS 0x0000000085200000, 0x0000000085200000| Untracked 
|  55|0x0000000085300000, 0x0000000085300000, 0x0000000085400000|  0%| F|  |TAMS 0x0000000085300000, 0x0000000085300000| Untracked 
|  56|0x0000000085400000, 0x0000000085400000, 0x0000000085500000|  0%| F|  |TAMS 0x0000000085400000, 0x0000000085400000| Untracked 
|  57|0x0000000085500000, 0x0000000085500000, 0x0000000085600000|  0%| F|  |TAMS 0x0000000085500000, 0x0000000085500000| Untracked 
|  58|0x0000000085600000, 0x0000000085600000, 0x0000000085700000|  0%| F|  |TAMS 0x0000000085600000, 0x0000000085600000| Untracked 
|  59|0x0000000085700000, 0x0000000085700000, 0x0000000085800000|  0%| F|  |TAMS 0x0000000085700000, 0x0000000085700000| Untracked 
|  60|0x0000000085800000, 0x0000000085800000, 0x0000000085900000|  0%| F|  |TAMS 0x0000000085800000, 0x0000000085800000| Untracked 
|  61|0x0000000085900000, 0x0000000085900000, 0x0000000085a00000|  0%| F|  |TAMS 0x0000000085900000, 0x0000000085900000| Untracked 
|  62|0x0000000085a00000, 0x0000000085a00000, 0x0000000085b00000|  0%| F|  |TAMS 0x0000000085a00000, 0x0000000085a00000| Untracked 
|  63|0x0000000085b00000, 0x0000000085b00000, 0x0000000085c00000|  0%| F|  |TAMS 0x0000000085b00000, 0x0000000085b00000| Untracked 
|  64|0x0000000085c00000, 0x0000000085c00000, 0x0000000085d00000|  0%| F|  |TAMS 0x0000000085c00000, 0x0000000085c00000| Untracked 
|  65|0x0000000085d00000, 0x0000000085d00000, 0x0000000085e00000|  0%| F|  |TAMS 0x0000000085d00000, 0x0000000085d00000| Untracked 
|  66|0x0000000085e00000, 0x0000000085e00000, 0x0000000085f00000|  0%| F|  |TAMS 0x0000000085e00000, 0x0000000085e00000| Untracked 
|  67|0x0000000085f00000, 0x0000000085f00000, 0x0000000086000000|  0%| F|  |TAMS 0x0000000085f00000, 0x0000000085f00000| Untracked 
|  68|0x0000000086000000, 0x0000000086000000, 0x0000000086100000|  0%| F|  |TAMS 0x0000000086000000, 0x0000000086000000| Untracked 
|  69|0x0000000086100000, 0x0000000086100000, 0x0000000086200000|  0%| F|  |TAMS 0x0000000086100000, 0x0000000086100000| Untracked 
|  70|0x0000000086200000, 0x0000000086200000, 0x0000000086300000|  0%| F|  |TAMS 0x0000000086200000, 0x0000000086200000| Untracked 
|  71|0x0000000086300000, 0x0000000086300000, 0x0000000086400000|  0%| F|  |TAMS 0x0000000086300000, 0x0000000086300000| Untracked 
|  72|0x0000000086400000, 0x0000000086400000, 0x0000000086500000|  0%| F|  |TAMS 0x0000000086400000, 0x0000000086400000| Untracked 
|  73|0x0000000086500000, 0x0000000086500000, 0x0000000086600000|  0%| F|  |TAMS 0x0000000086500000, 0x0000000086500000| Untracked 
|  74|0x0000000086600000, 0x0000000086600000, 0x0000000086700000|  0%| F|  |TAMS 0x0000000086600000, 0x0000000086600000| Untracked 
|  75|0x0000000086700000, 0x0000000086700000, 0x0000000086800000|  0%| F|  |TAMS 0x0000000086700000, 0x0000000086700000| Untracked 
|  76|0x0000000086800000, 0x0000000086800000, 0x0000000086900000|  0%| F|  |TAMS 0x0000000086800000, 0x0000000086800000| Untracked 
|  77|0x0000000086900000, 0x0000000086900000, 0x0000000086a00000|  0%| F|  |TAMS 0x0000000086900000, 0x0000000086900000| Untracked 
|  78|0x0000000086a00000, 0x0000000086a00000, 0x0000000086b00000|  0%| F|  |TAMS 0x0000000086a00000, 0x0000000086a00000| Untracked 
|  79|0x0000000086b00000, 0x0000000086b00000, 0x0000000086c00000|  0%| F|  |TAMS 0x0000000086b00000, 0x0000000086b00000| Untracked 
|  80|0x0000000086c00000, 0x0000000086c00000, 0x0000000086d00000|  0%| F|  |TAMS 0x0000000086c00000, 0x0000000086c00000| Untracked 
|  81|0x0000000086d00000, 0x0000000086d00000, 0x0000000086e00000|  0%| F|  |TAMS 0x0000000086d00000, 0x0000000086d00000| Untracked 
|  82|0x0000000086e00000, 0x0000000086e00000, 0x0000000086f00000|  0%| F|  |TAMS 0x0000000086e00000, 0x0000000086e00000| Untracked 
|  83|0x0000000086f00000, 0x0000000086f00000, 0x0000000087000000|  0%| F|  |TAMS 0x0000000086f00000, 0x0000000086f00000| Untracked 
|  84|0x0000000087000000, 0x0000000087000000, 0x0000000087100000|  0%| F|  |TAMS 0x0000000087000000, 0x0000000087000000| Untracked 
|  85|0x0000000087100000, 0x0000000087100000, 0x0000000087200000|  0%| F|  |TAMS 0x0000000087100000, 0x0000000087100000| Untracked 
|  86|0x0000000087200000, 0x0000000087200000, 0x0000000087300000|  0%| F|  |TAMS 0x0000000087200000, 0x0000000087200000| Untracked 
|  87|0x0000000087300000, 0x0000000087300000, 0x0000000087400000|  0%| F|  |TAMS 0x0000000087300000, 0x0000000087300000| Untracked 
|  88|0x0000000087400000, 0x0000000087400000, 0x0000000087500000|  0%| F|  |TAMS 0x0000000087400000, 0x0000000087400000| Untracked 
|  89|0x0000000087500000, 0x0000000087500000, 0x0000000087600000|  0%| F|  |TAMS 0x0000000087500000, 0x0000000087500000| Untracked 
|  90|0x0000000087600000, 0x0000000087600000, 0x0000000087700000|  0%| F|  |TAMS 0x0000000087600000, 0x0000000087600000| Untracked 
|  91|0x0000000087700000, 0x0000000087700000, 0x0000000087800000|  0%| F|  |TAMS 0x0000000087700000, 0x0000000087700000| Untracked 
|  92|0x0000000087800000, 0x0000000087800000, 0x0000000087900000|  0%| F|  |TAMS 0x0000000087800000, 0x0000000087800000| Untracked 
|  93|0x0000000087900000, 0x0000000087900000, 0x0000000087a00000|  0%| F|  |TAMS 0x0000000087900000, 0x0000000087900000| Untracked 
|  94|0x0000000087a00000, 0x0000000087a00000, 0x0000000087b00000|  0%| F|  |TAMS 0x0000000087a00000, 0x0000000087a00000| Untracked 
|  95|0x0000000087b00000, 0x0000000087b00000, 0x0000000087c00000|  0%| F|  |TAMS 0x0000000087b00000, 0x0000000087b00000| Untracked 
|  96|0x0000000087c00000, 0x0000000087c00000, 0x0000000087d00000|  0%| F|  |TAMS 0x0000000087c00000, 0x0000000087c00000| Untracked 
|  97|0x0000000087d00000, 0x0000000087d00000, 0x0000000087e00000|  0%| F|  |TAMS 0x0000000087d00000, 0x0000000087d00000| Untracked 
|  98|0x0000000087e00000, 0x0000000087e00000, 0x0000000087f00000|  0%| F|  |TAMS 0x0000000087e00000, 0x0000000087e00000| Untracked 
|  99|0x0000000087f00000, 0x0000000087f00000, 0x0000000088000000|  0%| F|  |TAMS 0x0000000087f00000, 0x0000000087f00000| Untracked 
| 100|0x0000000088000000, 0x0000000088000000, 0x0000000088100000|  0%| F|  |TAMS 0x0000000088000000, 0x0000000088000000| Untracked 
| 101|0x0000000088100000, 0x0000000088100000, 0x0000000088200000|  0%| F|  |TAMS 0x0000000088100000, 0x0000000088100000| Untracked 
| 102|0x0000000088200000, 0x0000000088200000, 0x0000000088300000|  0%| F|  |TAMS 0x0000000088200000, 0x0000000088200000| Untracked 
| 103|0x0000000088300000, 0x0000000088300000, 0x0000000088400000|  0%| F|  |TAMS 0x0000000088300000, 0x0000000088300000| Untracked 
| 104|0x0000000088400000, 0x0000000088400000, 0x0000000088500000|  0%| F|  |TAMS 0x0000000088400000, 0x0000000088400000| Untracked 
| 105|0x0000000088500000, 0x0000000088500000, 0x0000000088600000|  0%| F|  |TAMS 0x0000000088500000, 0x0000000088500000| Untracked 
| 106|0x0000000088600000, 0x0000000088600000, 0x0000000088700000|  0%| F|  |TAMS 0x0000000088600000, 0x0000000088600000| Untracked 
| 107|0x0000000088700000, 0x0000000088800000, 0x0000000088800000|100%| S|CS|TAMS 0x0000000088700000, 0x0000000088700000| Complete 
| 108|0x0000000088800000, 0x0000000088900000, 0x0000000088900000|100%| S|CS|TAMS 0x0000000088800000, 0x0000000088800000| Complete 
| 109|0x0000000088900000, 0x0000000088a00000, 0x0000000088a00000|100%| S|CS|TAMS 0x0000000088900000, 0x0000000088900000| Complete 
| 110|0x0000000088a00000, 0x0000000088a00000, 0x0000000088b00000|  0%| F|  |TAMS 0x0000000088a00000, 0x0000000088a00000| Untracked 
| 111|0x0000000088b00000, 0x0000000088b00000, 0x0000000088c00000|  0%| F|  |TAMS 0x0000000088b00000, 0x0000000088b00000| Untracked 
| 112|0x0000000088c00000, 0x0000000088c00000, 0x0000000088d00000|  0%| F|  |TAMS 0x0000000088c00000, 0x0000000088c00000| Untracked 
| 113|0x0000000088d00000, 0x0000000088d00000, 0x0000000088e00000|  0%| F|  |TAMS 0x0000000088d00000, 0x0000000088d00000| Untracked 
| 114|0x0000000088e00000, 0x0000000088e00000, 0x0000000088f00000|  0%| F|  |TAMS 0x0000000088e00000, 0x0000000088e00000| Untracked 
| 115|0x0000000088f00000, 0x0000000088f00000, 0x0000000089000000|  0%| F|  |TAMS 0x0000000088f00000, 0x0000000088f00000| Untracked 
| 116|0x0000000089000000, 0x0000000089000000, 0x0000000089100000|  0%| F|  |TAMS 0x0000000089000000, 0x0000000089000000| Untracked 
| 117|0x0000000089100000, 0x0000000089100000, 0x0000000089200000|  0%| F|  |TAMS 0x0000000089100000, 0x0000000089100000| Untracked 
| 118|0x0000000089200000, 0x0000000089200000, 0x0000000089300000|  0%| F|  |TAMS 0x0000000089200000, 0x0000000089200000| Untracked 
| 119|0x0000000089300000, 0x0000000089300000, 0x0000000089400000|  0%| F|  |TAMS 0x0000000089300000, 0x0000000089300000| Untracked 
| 120|0x0000000089400000, 0x0000000089400000, 0x0000000089500000|  0%| F|  |TAMS 0x0000000089400000, 0x0000000089400000| Untracked 
| 121|0x0000000089500000, 0x00000000895efde8, 0x0000000089600000| 93%| E|  |TAMS 0x0000000089500000, 0x0000000089500000| Complete 
| 122|0x0000000089600000, 0x0000000089700000, 0x0000000089700000|100%| E|CS|TAMS 0x0000000089600000, 0x0000000089600000| Complete 
| 123|0x0000000089700000, 0x0000000089800000, 0x0000000089800000|100%| E|CS|TAMS 0x0000000089700000, 0x0000000089700000| Complete 
| 124|0x0000000089800000, 0x0000000089900000, 0x0000000089900000|100%| E|CS|TAMS 0x0000000089800000, 0x0000000089800000| Complete 
| 125|0x0000000089900000, 0x0000000089a00000, 0x0000000089a00000|100%| E|CS|TAMS 0x0000000089900000, 0x0000000089900000| Complete 
| 126|0x0000000089a00000, 0x0000000089b00000, 0x0000000089b00000|100%| E|CS|TAMS 0x0000000089a00000, 0x0000000089a00000| Complete 
| 127|0x0000000089b00000, 0x0000000089c00000, 0x0000000089c00000|100%| E|CS|TAMS 0x0000000089b00000, 0x0000000089b00000| Complete 

Card table byte_map: [0x0000024b6a5d0000,0x0000024b6a9d0000] _byte_map_base: 0x0000024b6a1c2000

Marking Bits (Prev, Next): (CMBitMap*) 0x0000024b55f20450, (CMBitMap*) 0x0000024b55f20490
 Prev Bits: [0x0000024b6add0000, 0x0000024b6cd60000)
 Next Bits: [0x0000024b6cd60000, 0x0000024b6ecf0000)

Polling page: 0x0000024b55d00000

Metaspace:

Usage:
  Non-class:     13.88 MB used.
      Class:      1.84 MB used.
       Both:     15.71 MB used.

Virtual space:
  Non-class space:       16.00 MB reserved,      13.94 MB ( 87%) committed,  2 nodes.
      Class space:        1.00 GB reserved,       1.94 MB ( <1%) committed,  1 nodes.
             Both:        1.02 GB reserved,      15.88 MB (  2%) committed. 

Chunk freelists:
   Non-Class:  2.00 MB
       Class:  2.05 MB
        Both:  4.05 MB

MaxMetaspaceSize: unlimited
CompressedClassSpaceSize: 1.00 GB
Initial GC threshold: 21.00 MB
Current GC threshold: 21.00 MB
CDS: off
MetaspaceReclaimPolicy: balanced
 - commit_granule_bytes: 65536.
 - commit_granule_words: 8192.
 - virtual_space_node_default_size: 1048576.
 - enlarge_chunks_in_place: 1.
 - new_chunks_are_fully_committed: 0.
 - uncommit_free_chunks: 1.
 - use_allocation_guard: 0.
 - handle_deallocations: 1.


Internal statistics:

num_allocs_failed_limit: 0.
num_arena_births: 78.
num_arena_deaths: 0.
num_vsnodes_births: 3.
num_vsnodes_deaths: 0.
num_space_committed: 254.
num_space_uncommitted: 0.
num_chunks_returned_to_freelist: 0.
num_chunks_taken_from_freelist: 303.
num_chunk_merges: 0.
num_chunk_splits: 199.
num_chunks_enlarged: 159.
num_purges: 0.
num_inconsistent_stats: 0.

CodeHeap 'non-profiled nmethods': size=120000Kb used=456Kb max_used=456Kb free=119543Kb
 bounds [0x0000024b62680000, 0x0000024b628f0000, 0x0000024b69bb0000]
CodeHeap 'profiled nmethods': size=120000Kb used=2189Kb max_used=2189Kb free=117810Kb
 bounds [0x0000024b5abb0000, 0x0000024b5ae20000, 0x0000024b620e0000]
CodeHeap 'non-nmethods': size=5760Kb used=1163Kb max_used=1177Kb free=4596Kb
 bounds [0x0000024b620e0000, 0x0000024b62350000, 0x0000024b62680000]
 total_blobs=1656 nmethods=1197 adapters=372
 compilation: enabled
              stopped_count=0, restarted_count=0
 full_count=0

Compilation events (20 events):
Event: 10.428 Thread 0x0000024b71c3b7b0 nmethod 1187 0x0000024b5add0890 code [0x0000024b5add0a40, 0x0000024b5add0c98]
Event: 11.633 Thread 0x0000024b71c3b7b0 1188       3       java.util.concurrent.ThreadPoolExecutor::isShutdown (12 bytes)
Event: 11.634 Thread 0x0000024b71c3b7b0 nmethod 1188 0x0000024b5add0d90 code [0x0000024b5add0f40, 0x0000024b5add1138]
Event: 11.634 Thread 0x0000024b71c3b7b0 1189       3       java.util.concurrent.ScheduledThreadPoolExecutor::canRunInCurrentRunState (61 bytes)
Event: 11.635 Thread 0x0000024b71c3b7b0 nmethod 1189 0x0000024b5add1210 code [0x0000024b5add1420, 0x0000024b5add1c08]
Event: 14.322 Thread 0x0000024b71c3b7b0 1190       3       java.util.concurrent.locks.ReentrantLock::lock (8 bytes)
Event: 14.323 Thread 0x0000024b71c3b7b0 nmethod 1190 0x0000024b5add1e10 code [0x0000024b5add1fc0, 0x0000024b5add2278]
Event: 14.868 Thread 0x0000024b71c3ad10 1191       4       java.util.zip.Inflater::ensureOpen (47 bytes)
Event: 14.870 Thread 0x0000024b71c3ad10 nmethod 1191 0x0000024b626f1410 code [0x0000024b626f1580, 0x0000024b626f1638]
Event: 14.870 Thread 0x0000024b71c3b7b0 1192       3       java.nio.MappedByteBuffer::position (6 bytes)
Event: 14.870 Thread 0x0000024b71c3b7b0 nmethod 1192 0x0000024b5add2390 code [0x0000024b5add2540, 0x0000024b5add2748]
Event: 14.933 Thread 0x0000024b71c3b7b0 1193       1       org.gradle.internal.logging.text.AbstractLineChoppingStyledTextOutput$SeenFromEol::size (5 bytes)
Event: 14.934 Thread 0x0000024b71c3b7b0 nmethod 1193 0x0000024b626f1710 code [0x0000024b626f18a0, 0x0000024b626f1978]
Event: 14.934 Thread 0x0000024b71c3b7b0 1194       3       java.nio.Buffer::remaining (20 bytes)
Event: 14.935 Thread 0x0000024b71c3b7b0 nmethod 1194 0x0000024b5add2890 code [0x0000024b5add2a20, 0x0000024b5add2bb8]
Event: 14.985 Thread 0x0000024b71c3b7b0 1195       3       java.lang.reflect.AccessibleObject::checkPermission (16 bytes)
Event: 14.986 Thread 0x0000024b71c3b7b0 nmethod 1195 0x0000024b5add2c90 code [0x0000024b5add2e40, 0x0000024b5add3128]
Event: 14.986 Thread 0x0000024b71c3b7b0 1196       3       java.lang.reflect.AccessibleObject::checkCanSetAccessible (9 bytes)
Event: 14.986 Thread 0x0000024b71c3b7b0 nmethod 1196 0x0000024b5add3210 code [0x0000024b5add33a0, 0x0000024b5add34e8]
Event: 14.986 Thread 0x0000024b71c3b7b0 1197       3       java.lang.reflect.AccessibleObject::checkCanSetAccessible (368 bytes)

GC Heap History (4 events):
Event: 2.026 GC heap before
{Heap before GC invocations=0 (full 0):
 garbage-first heap   total 131072K, used 15360K [0x0000000081c00000, 0x0000000100000000)
  region size 1024K, 13 young (13312K), 0 survivors (0K)
 Metaspace       used 8387K, committed 8512K, reserved 1056768K
  class space    used 735K, committed 768K, reserved 1048576K
}
Event: 2.035 GC heap after
{Heap after GC invocations=1 (full 0):
 garbage-first heap   total 131072K, used 3307K [0x0000000081c00000, 0x0000000100000000)
  region size 1024K, 2 young (2048K), 2 survivors (2048K)
 Metaspace       used 8387K, committed 8512K, reserved 1056768K
  class space    used 735K, committed 768K, reserved 1048576K
}
Event: 3.479 GC heap before
{Heap before GC invocations=1 (full 0):
 garbage-first heap   total 131072K, used 21739K [0x0000000081c00000, 0x0000000100000000)
  region size 1024K, 18 young (18432K), 2 survivors (2048K)
 Metaspace       used 13283K, committed 13504K, reserved 1064960K
  class space    used 1507K, committed 1600K, reserved 1048576K
}
Event: 3.485 GC heap after
{Heap after GC invocations=2 (full 0):
 garbage-first heap   total 131072K, used 10016K [0x0000000081c00000, 0x0000000100000000)
  region size 1024K, 3 young (3072K), 3 survivors (3072K)
 Metaspace       used 13283K, committed 13504K, reserved 1064960K
  class space    used 1507K, committed 1600K, reserved 1048576K
}

Dll operation events (2 events):
Event: 0.017 Loaded shared library C:\Program Files\Android\Android Studio\jbr\bin\java.dll
Event: 0.319 Loaded shared library C:\Program Files\Android\Android Studio\jbr\bin\verify.dll

Deoptimization events (20 events):
Event: 3.547 Thread 0x0000024b55ec3710 DEOPT PACKING pc=0x0000024b626db210 sp=0x000000fe678fb420
Event: 3.547 Thread 0x0000024b55ec3710 DEOPT UNPACKING pc=0x0000024b621369a3 sp=0x000000fe678fb3c0 mode 2
Event: 3.547 Thread 0x0000024b55ec3710 Uncommon trap: trap_request=0xffffffc6 fr.pc=0x0000024b626db210 relative=0x0000000000000530
Event: 3.547 Thread 0x0000024b55ec3710 Uncommon trap: reason=bimorphic_or_optimized_type_check action=maybe_recompile pc=0x0000024b626db210 method=java.util.concurrent.ConcurrentHashMap.get(Ljava/lang/Object;)Ljava/lang/Object; @ 149 c2
Event: 3.547 Thread 0x0000024b55ec3710 DEOPT PACKING pc=0x0000024b626db210 sp=0x000000fe678fb420
Event: 3.547 Thread 0x0000024b55ec3710 DEOPT UNPACKING pc=0x0000024b621369a3 sp=0x000000fe678fb3c0 mode 2
Event: 3.616 Thread 0x0000024b55ec3710 DEOPT PACKING pc=0x0000024b5ac9dbb8 sp=0x000000fe678fa460
Event: 3.616 Thread 0x0000024b55ec3710 DEOPT UNPACKING pc=0x0000024b62137143 sp=0x000000fe678f9978 mode 0
Event: 4.920 Thread 0x0000024b55ec3710 Uncommon trap: trap_request=0xffffff45 fr.pc=0x0000024b626b9aa0 relative=0x00000000000005e0
Event: 4.920 Thread 0x0000024b55ec3710 Uncommon trap: reason=unstable_if action=reinterpret pc=0x0000024b626b9aa0 method=java.lang.AbstractStringBuilder.append(Ljava/lang/String;)Ljava/lang/AbstractStringBuilder; @ 1 c2
Event: 4.920 Thread 0x0000024b55ec3710 DEOPT PACKING pc=0x0000024b626b9aa0 sp=0x000000fe678fc9b0
Event: 4.920 Thread 0x0000024b55ec3710 DEOPT UNPACKING pc=0x0000024b621369a3 sp=0x000000fe678fc930 mode 2
Event: 4.921 Thread 0x0000024b55ec3710 Uncommon trap: trap_request=0xffffff45 fr.pc=0x0000024b626c37b4 relative=0x00000000000005f4
Event: 4.921 Thread 0x0000024b55ec3710 Uncommon trap: reason=unstable_if action=reinterpret pc=0x0000024b626c37b4 method=java.lang.AbstractStringBuilder.append(Ljava/lang/String;)Ljava/lang/AbstractStringBuilder; @ 1 c2
Event: 4.921 Thread 0x0000024b55ec3710 DEOPT PACKING pc=0x0000024b626c37b4 sp=0x000000fe678fc950
Event: 4.921 Thread 0x0000024b55ec3710 DEOPT UNPACKING pc=0x0000024b621369a3 sp=0x000000fe678fc938 mode 2
Event: 5.031 Thread 0x0000024b55ec3710 Uncommon trap: trap_request=0xffffff45 fr.pc=0x0000024b626b6dd0 relative=0x0000000000000f30
Event: 5.031 Thread 0x0000024b55ec3710 Uncommon trap: reason=unstable_if action=reinterpret pc=0x0000024b626b6dd0 method=java.util.HashMap.putVal(ILjava/lang/Object;Ljava/lang/Object;ZZ)Ljava/lang/Object; @ 162 c2
Event: 5.031 Thread 0x0000024b55ec3710 DEOPT PACKING pc=0x0000024b626b6dd0 sp=0x000000fe678faa20
Event: 5.031 Thread 0x0000024b55ec3710 DEOPT UNPACKING pc=0x0000024b621369a3 sp=0x000000fe678fa958 mode 2

Classes unloaded (0 events):
No events

Classes redefined (0 events):
No events

Internal exceptions (19 events):
Event: 0.869 Thread 0x0000024b55ec3710 Exception <a 'java/lang/NoSuchMethodError'{0x00000000898171a8}: 'int java.lang.invoke.DirectMethodHandle$Holder.invokeStaticInit(java.lang.Object, java.lang.Object)'> (0x00000000898171a8) 
thrown [s\src\hotspot\share\interpreter\linkResolver.cpp, line 771]
Event: 2.902 Thread 0x0000024b55ec3710 Exception <a 'java/lang/NoSuchMethodError'{0x00000000894c2a38}: 'void java.lang.invoke.DirectMethodHandle$Holder.invokeStatic(java.lang.Object, java.lang.Object)'> (0x00000000894c2a38) 
thrown [s\src\hotspot\share\interpreter\linkResolver.cpp, line 771]
Event: 2.950 Thread 0x0000024b55ec3710 Exception <a 'java/lang/NoClassDefFoundError'{0x0000000089349730}: org/slf4j/impl/StaticMarkerBinder> (0x0000000089349730) 
thrown [s\src\hotspot\share\classfile\systemDictionary.cpp, line 245]
Event: 2.998 Thread 0x0000024b55ec3710 Exception <a 'java/lang/NoSuchMethodError'{0x00000000893e48e0}: 'java.lang.Object java.lang.invoke.DirectMethodHandle$Holder.invokeVirtual(java.lang.Object, java.lang.Object, java.lang.Object, java.lang.Object, java.lang.Object, java.lang.Object, java.lang.Object)'> (0x00000000893e48e0) 
thrown [s\src\hotspot\share\interpreter\linkResolver.cpp, line 771]
Event: 3.004 Thread 0x0000024b55ec3710 Exception <a 'java/lang/NoSuchMethodError'{0x00000000893f6698}: 'java.lang.Object java.lang.invoke.Invokers$Holder.invoker(java.lang.Object, java.lang.Object, java.lang.Object)'> (0x00000000893f6698) 
thrown [s\src\hotspot\share\interpreter\linkResolver.cpp, line 771]
Event: 3.010 Thread 0x0000024b55ec3710 Exception <a 'java/lang/NoSuchMethodError'{0x00000000893ff740}: 'java.lang.Object java.lang.invoke.DirectMethodHandle$Holder.invokeStatic(java.lang.Object, java.lang.Object, int)'> (0x00000000893ff740) 
thrown [s\src\hotspot\share\interpreter\linkResolver.cpp, line 771]
Event: 3.014 Thread 0x0000024b55ec3710 Exception <a 'java/lang/NoSuchMethodError'{0x000000008920b8c8}: 'void java.lang.invoke.DelegatingMethodHandle$Holder.delegate(java.lang.Object, java.lang.Object, int, java.lang.Object)'> (0x000000008920b8c8) 
thrown [s\src\hotspot\share\interpreter\linkResolver.cpp, line 771]
Event: 3.016 Thread 0x0000024b55ec3710 Exception <a 'java/lang/NoSuchMethodError'{0x000000008920fa10}: 'int java.lang.invoke.DirectMethodHandle$Holder.invokeSpecial(java.lang.Object, java.lang.Object, java.lang.Object)'> (0x000000008920fa10) 
thrown [s\src\hotspot\share\interpreter\linkResolver.cpp, line 771]
Event: 3.026 Thread 0x0000024b55ec3710 Exception <a 'java/lang/NoSuchMethodError'{0x0000000089222bc8}: 'java.lang.Object java.lang.invoke.Invokers$Holder.invokeExact_MT(java.lang.Object, java.lang.Object, java.lang.Object, java.lang.Object)'> (0x0000000089222bc8) 
thrown [s\src\hotspot\share\interpreter\linkResolver.cpp, line 771]
Event: 3.262 Thread 0x0000024b55ec3710 Exception <a 'java/lang/NoSuchMethodError'{0x0000000088c21d98}: 'java.lang.Object java.lang.invoke.DirectMethodHandle$Holder.invokeInterface(java.lang.Object, java.lang.Object, java.lang.Object)'> (0x0000000088c21d98) 
thrown [s\src\hotspot\share\interpreter\linkResolver.cpp, line 771]
Event: 3.270 Thread 0x0000024b55ec3710 Exception <a 'java/lang/NoSuchMethodError'{0x0000000088c436e8}: 'void java.lang.invoke.DirectMethodHandle$Holder.invokeSpecial(java.lang.Object, java.lang.Object, java.lang.Object)'> (0x0000000088c436e8) 
thrown [s\src\hotspot\share\interpreter\linkResolver.cpp, line 771]
Event: 3.322 Thread 0x0000024b55ec3710 Implicit null exception at 0x0000024b626d1093 to 0x0000024b626d14a0
Event: 3.322 Thread 0x0000024b55ec3710 Implicit null exception at 0x0000024b626bd491 to 0x0000024b626bd888
Event: 3.376 Thread 0x0000024b55ec3710 Exception <a 'java/lang/NoSuchMethodError'{0x0000000088be2c88}: 'java.lang.Object java.lang.invoke.DirectMethodHandle$Holder.invokeStaticInit(java.lang.Object)'> (0x0000000088be2c88) 
thrown [s\src\hotspot\share\interpreter\linkResolver.cpp, line 771]
Event: 3.741 Thread 0x0000024b55ec3710 Exception <a 'java/lang/NoSuchMethodError'{0x000000008980a8b0}: 'java.lang.Object java.lang.invoke.DirectMethodHandle$Holder.invokeStaticInit(java.lang.Object, int, int, int, int)'> (0x000000008980a8b0) 
thrown [s\src\hotspot\share\interpreter\linkResolver.cpp, line 771]
Event: 4.067 Thread 0x0000024b55ec3710 Exception <a 'java/lang/NoSuchMethodError'{0x0000000089850318}: 'java.lang.Object java.lang.invoke.DirectMethodHandle$Holder.invokeStaticInit(java.lang.Object, java.lang.Object, int, int, int, int)'> (0x0000000089850318) 
thrown [s\src\hotspot\share\interpreter\linkResolver.cpp, line 771]
Event: 4.886 Thread 0x0000024b55ec3710 Exception <a 'java/lang/NoSuchMethodError'{0x000000008987d858}: 'void java.lang.invoke.DirectMethodHandle$Holder.invokeStatic(java.lang.Object, java.lang.Object, java.lang.Object)'> (0x000000008987d858) 
thrown [s\src\hotspot\share\interpreter\linkResolver.cpp, line 771]
Event: 4.920 Thread 0x0000024b55ec3710 Implicit null exception at 0x0000024b626b94f2 to 0x0000024b626b9a8c
Event: 4.921 Thread 0x0000024b55ec3710 Implicit null exception at 0x0000024b626c31f2 to 0x0000024b626c37a0

VM Operations (20 events):
Event: 1.313 Executing VM operation: Cleanup
Event: 1.313 Executing VM operation: Cleanup done
Event: 2.026 Executing VM operation: G1CollectForAllocation
Event: 2.035 Executing VM operation: G1CollectForAllocation done
Event: 2.615 Executing VM operation: HandshakeAllThreads
Event: 2.615 Executing VM operation: HandshakeAllThreads done
Event: 3.009 Executing VM operation: HandshakeAllThreads
Event: 3.009 Executing VM operation: HandshakeAllThreads done
Event: 3.479 Executing VM operation: G1CollectForAllocation
Event: 3.485 Executing VM operation: G1CollectForAllocation done
Event: 3.558 Executing VM operation: HandshakeAllThreads
Event: 3.558 Executing VM operation: HandshakeAllThreads done
Event: 4.020 Executing VM operation: HandshakeAllThreads
Event: 4.020 Executing VM operation: HandshakeAllThreads done
Event: 5.027 Executing VM operation: Cleanup
Event: 5.027 Executing VM operation: Cleanup done
Event: 6.036 Executing VM operation: Cleanup
Event: 6.036 Executing VM operation: Cleanup done
Event: 7.037 Executing VM operation: Cleanup
Event: 7.037 Executing VM operation: Cleanup done

Events (20 events):
Event: 5.725 loading class jdk/internal/reflect/ByteVectorFactory
Event: 5.725 loading class jdk/internal/reflect/ByteVectorFactory done
Event: 5.725 loading class jdk/internal/reflect/ByteVectorImpl
Event: 5.725 loading class jdk/internal/reflect/ByteVector
Event: 5.725 loading class jdk/internal/reflect/ByteVector done
Event: 5.725 loading class jdk/internal/reflect/ByteVectorImpl done
Event: 5.725 loading class jdk/internal/reflect/ClassFileAssembler
Event: 5.726 loading class jdk/internal/reflect/ClassFileAssembler done
Event: 5.726 loading class jdk/internal/reflect/UTF8
Event: 5.726 loading class jdk/internal/reflect/UTF8 done
Event: 5.728 loading class jdk/internal/reflect/Label
Event: 5.728 loading class jdk/internal/reflect/Label done
Event: 5.728 loading class jdk/internal/reflect/Label$PatchInfo
Event: 5.728 loading class jdk/internal/reflect/Label$PatchInfo done
Event: 5.729 loading class jdk/internal/reflect/MethodAccessorGenerator$1
Event: 5.729 loading class jdk/internal/reflect/MethodAccessorGenerator$1 done
Event: 5.729 loading class jdk/internal/reflect/ClassDefiner
Event: 5.729 loading class jdk/internal/reflect/ClassDefiner done
Event: 5.729 loading class jdk/internal/reflect/ClassDefiner$1
Event: 5.729 loading class jdk/internal/reflect/ClassDefiner$1 done


Dynamic libraries:
0x00007ff740090000 - 0x00007ff74009a000 	C:\Program Files\Android\Android Studio\jbr\bin\java.exe
0x00007ff8558d0000 - 0x00007ff855ac8000 	C:\Windows\SYSTEM32\ntdll.dll
0x00007ff836e20000 - 0x00007ff836e39000 	C:\Program Files\Avast Software\Avast\aswhook.dll
0x00007ff855510000 - 0x00007ff8555cd000 	C:\Windows\System32\KERNEL32.DLL
0x00007ff8531b0000 - 0x00007ff8534a6000 	C:\Windows\System32\KERNELBASE.dll
0x00007ff853710000 - 0x00007ff853810000 	C:\Windows\System32\ucrtbase.dll
0x00007ff84d240000 - 0x00007ff84d257000 	C:\Program Files\Android\Android Studio\jbr\bin\jli.dll
0x00007ff8549a0000 - 0x00007ff854b3e000 	C:\Windows\System32\USER32.dll
0x00007ff84cf80000 - 0x00007ff84cf9b000 	C:\Program Files\Android\Android Studio\jbr\bin\VCRUNTIME140.dll
0x00007ff852fb0000 - 0x00007ff852fd2000 	C:\Windows\System32\win32u.dll
0x00007ff8557a0000 - 0x00007ff8557cc000 	C:\Windows\System32\GDI32.dll
0x00007ff8424d0000 - 0x00007ff84276a000 	C:\Windows\WinSxS\amd64_microsoft.windows.common-controls_6595b64144ccf1df_6.0.19041.1110_none_60b5254171f9507e\COMCTL32.dll
0x00007ff853810000 - 0x00007ff85392a000 	C:\Windows\System32\gdi32full.dll
0x00007ff854b40000 - 0x00007ff854bde000 	C:\Windows\System32\msvcrt.dll
0x00007ff853080000 - 0x00007ff85311d000 	C:\Windows\System32\msvcp_win.dll
0x00007ff853ba0000 - 0x00007ff853bd0000 	C:\Windows\System32\IMM32.DLL
0x00007ff84d590000 - 0x00007ff84d59c000 	C:\Program Files\Android\Android Studio\jbr\bin\vcruntime140_1.dll
0x00007ff83a950000 - 0x00007ff83a9dd000 	C:\Program Files\Android\Android Studio\jbr\bin\msvcp140.dll
0x00007fffdce10000 - 0x00007fffdda7e000 	C:\Program Files\Android\Android Studio\jbr\bin\server\jvm.dll
0x00007ff854be0000 - 0x00007ff854c8e000 	C:\Windows\System32\ADVAPI32.dll
0x00007ff8548f0000 - 0x00007ff85498c000 	C:\Windows\System32\sechost.dll
0x00007ff853a50000 - 0x00007ff853b76000 	C:\Windows\System32\RPCRT4.dll
0x00007ff841350000 - 0x00007ff841359000 	C:\Windows\SYSTEM32\WSOCK32.dll
0x00007ff8451e0000 - 0x00007ff8451ea000 	C:\Windows\SYSTEM32\VERSION.dll
0x00007ff854cf0000 - 0x00007ff854d5b000 	C:\Windows\System32\WS2_32.dll
0x00007ff8446b0000 - 0x00007ff8446d7000 	C:\Windows\SYSTEM32\WINMM.dll
0x00007ff851790000 - 0x00007ff8517a2000 	C:\Windows\SYSTEM32\kernel.appcore.dll
0x00007ff84d270000 - 0x00007ff84d27a000 	C:\Program Files\Android\Android Studio\jbr\bin\jimage.dll
0x00007ff850b90000 - 0x00007ff850d74000 	C:\Windows\SYSTEM32\DBGHELP.DLL
0x00007ff8449b0000 - 0x00007ff8449e4000 	C:\Windows\SYSTEM32\dbgcore.DLL
0x00007ff853120000 - 0x00007ff8531a2000 	C:\Windows\System32\bcryptPrimitives.dll
0x00007ff83b110000 - 0x00007ff83b135000 	C:\Program Files\Android\Android Studio\jbr\bin\java.dll
0x00007ff84c3f0000 - 0x00007ff84c408000 	C:\Program Files\Android\Android Studio\jbr\bin\zip.dll
0x00007ff853be0000 - 0x00007ff854325000 	C:\Windows\System32\SHELL32.dll
0x00007ff850fe0000 - 0x00007ff85177b000 	C:\Windows\SYSTEM32\windows.storage.dll
0x00007ff854330000 - 0x00007ff854684000 	C:\Windows\System32\combase.dll
0x00007ff852840000 - 0x00007ff85286e000 	C:\Windows\SYSTEM32\Wldp.dll
0x00007ff854690000 - 0x00007ff85473d000 	C:\Windows\System32\SHCORE.dll
0x00007ff8555d0000 - 0x00007ff855625000 	C:\Windows\System32\shlwapi.dll
0x00007ff852ee0000 - 0x00007ff852f05000 	C:\Windows\SYSTEM32\profapi.dll
0x00007ff83b0f0000 - 0x00007ff83b109000 	C:\Program Files\Android\Android Studio\jbr\bin\net.dll
0x00007ff848d70000 - 0x00007ff848e7a000 	C:\Windows\SYSTEM32\WINHTTP.dll
0x00007ff852620000 - 0x00007ff85268a000 	C:\Windows\system32\mswsock.dll
0x00007ff83b0d0000 - 0x00007ff83b0e6000 	C:\Program Files\Android\Android Studio\jbr\bin\nio.dll
0x00007ff84d230000 - 0x00007ff84d240000 	C:\Program Files\Android\Android Studio\jbr\bin\verify.dll
0x00007ff83a920000 - 0x00007ff83a947000 	C:\Users\Admin\.gradle\native\e1d6ef7f7dcc3fd88c89a11ec53ec762bb8ba0a96d01ffa2cd45eb1d1d8dd5c5\windows-amd64\native-platform.dll
0x00007ff84d1b0000 - 0x00007ff84d1b9000 	C:\Program Files\Android\Android Studio\jbr\bin\management.dll
0x00007ff84cb80000 - 0x00007ff84cb8b000 	C:\Program Files\Android\Android Studio\jbr\bin\management_ext.dll
0x00007ff8557d0000 - 0x00007ff8557d8000 	C:\Windows\System32\PSAPI.DLL
0x00007ff852880000 - 0x00007ff852898000 	C:\Windows\SYSTEM32\CRYPTSP.dll
0x00007ff851f50000 - 0x00007ff851f84000 	C:\Windows\system32\rsaenh.dll
0x00007ff853050000 - 0x00007ff853077000 	C:\Windows\System32\bcrypt.dll
0x00007ff852ea0000 - 0x00007ff852ece000 	C:\Windows\SYSTEM32\USERENV.dll
0x00007ff8527b0000 - 0x00007ff8527bc000 	C:\Windows\SYSTEM32\CRYPTBASE.dll
0x00007ff852330000 - 0x00007ff85236b000 	C:\Windows\SYSTEM32\IPHLPAPI.DLL
0x00007ff853bd0000 - 0x00007ff853bd8000 	C:\Windows\System32\NSI.dll
0x00007ff848a10000 - 0x00007ff848a27000 	C:\Windows\SYSTEM32\dhcpcsvc6.DLL
0x00007ff8489e0000 - 0x00007ff8489fd000 	C:\Windows\SYSTEM32\dhcpcsvc.DLL
0x00007ff852370000 - 0x00007ff85243a000 	C:\Windows\SYSTEM32\DNSAPI.dll
0x00007ff84c120000 - 0x00007ff84c127000 	C:\Windows\system32\wshunix.dll

dbghelp: loaded successfully - version: 4.0.5 - missing functions: none
symbol engine: initialized successfully - sym options: 0x614 - pdb path: .;C:\Program Files\Android\Android Studio\jbr\bin;C:\Windows\SYSTEM32;C:\Program Files\Avast Software\Avast;C:\Windows\WinSxS\amd64_microsoft.windows.common-controls_6595b64144ccf1df_6.0.19041.1110_none_60b5254171f9507e;C:\Program Files\Android\Android Studio\jbr\bin\server;C:\Users\Admin\.gradle\native\e1d6ef7f7dcc3fd88c89a11ec53ec762bb8ba0a96d01ffa2cd45eb1d1d8dd5c5\windows-amd64

VM Arguments:
jvm_args: -Dorg.gradle.appname=gradlew 
java_command: org.gradle.wrapper.GradleWrapperMain -q -Ptarget-platform=android-arm64 -Ptarget=H:\my-P-flutter\flower_app\lib\main.dart -Pmultidex-enabled=true -Pbase-application-name=android.app.Application -Pdart-defines=RkxVVFRFUl9XRUJfQVVUT19ERVRFQ1Q9dHJ1ZQ==,RkxVVFRFUl9XRUJfQ0FOVkFTS0lUX1VSTD1odHRwczovL3d3dy5nc3RhdGljLmNvbS9mbHV0dGVyLWNhbnZhc2tpdC9hNzk0Y2YyNjgxYzZjOWZlN2IyNjBlMGU4NGRlOTYyOThkYzljMThiLw== -Pdart-obfuscation=false -Ptrack-widget-creation=true -Ptree-shake-icons=false -Pfilesystem-scheme=org-dartlang-root assembleDebug
java_class_path (initial): H:\my-P-flutter\flower_app\android\\gradle\wrapper\gradle-wrapper.jar
Launcher Type: SUN_STANDARD

[Global flags]
     intx CICompilerCount                          = 3                                         {product} {ergonomic}
     uint ConcGCThreads                            = 1                                         {product} {ergonomic}
     uint G1ConcRefinementThreads                  = 4                                         {product} {ergonomic}
   size_t G1HeapRegionSize                         = 1048576                                   {product} {ergonomic}
    uintx GCDrainStackTargetSize                   = 64                                        {product} {ergonomic}
   size_t InitialHeapSize                          = 134217728                                 {product} {ergonomic}
   size_t MarkStackSize                            = 4194304                                   {product} {ergonomic}
   size_t MaxHeapSize                              = 2118123520                                {product} {ergonomic}
   size_t MaxNewSize                               = 1270874112                                {product} {ergonomic}
   size_t MinHeapDeltaBytes                        = 1048576                                   {product} {ergonomic}
   size_t MinHeapSize                              = 8388608                                   {product} {ergonomic}
    uintx NonNMethodCodeHeapSize                   = 5832780                                {pd product} {ergonomic}
    uintx NonProfiledCodeHeapSize                  = 122912730                              {pd product} {ergonomic}
    uintx ProfiledCodeHeapSize                     = 122912730                              {pd product} {ergonomic}
    uintx ReservedCodeCacheSize                    = 251658240                              {pd product} {ergonomic}
     bool SegmentedCodeCache                       = true                                      {product} {ergonomic}
   size_t SoftMaxHeapSize                          = 2118123520                             {manageable} {ergonomic}
     bool UseCompressedClassPointers               = true                           {product lp64_product} {ergonomic}
     bool UseCompressedOops                        = true                           {product lp64_product} {ergonomic}
     bool UseG1GC                                  = true                                      {product} {ergonomic}
     bool UseLargePagesIndividualAllocation        = false                                  {pd product} {ergonomic}

Logging:
Log output configuration:
 #0: stdout all=warning uptime,level,tags
 #1: stderr all=off uptime,level,tags

Environment Variables:
JAVA_HOME=C:\Program Files\Android\Android Studio\jbr
CLASSPATH=H:\my-P-flutter\flower_app\android\\gradle\wrapper\gradle-wrapper.jar
PATH=C:\Program Files\Android\Android Studio\jbr\bin;C:\Program Files\Common Files\Oracle\Java\javapath;C:\Windows\system32;C:\Windows;C:\Windows\System32\Wbem;C:\Windows\System32\WindowsPowerShell\v1.0\;C:\Windows\System32\OpenSSH\;C:\Program Files\Git\cmd;C:\Program Files\Microsoft SQL Server\150\Tools\Binn\;C:\Program Files (x86)\Windows Kits\10\Windows Performance Toolkit\;C:\Program Files\Microsoft SQL Server\Client SDK\ODBC\170\Tools\Binn\;C:\Program Files\dotnet\;C:\Program Files (x86)\Incredibuild;C:\Program Files\nodejs\;C:\Users\Admin\AppData\Local\Microsoft\WindowsApps;C:\Users\Admin\AppData\Local\Programs\Microsoft VS Code\bin;C:\Users\Admin\Desktop\Devolpment Flutter\flutter\bin;G:\src\flutter\bin;C:\Users\Admin\Desktop\flutter projects;C:\Users\Admin\.dotnet\tools;C:\src\flutter\bin;C:\Users\Admin\AppData\Local\Pub\Cache\bin;C:\Users\Admin\AppData\Roaming\npm;C:\Program Files\Java\jdk-21\bin;;G:\src\flutter\bin\mingit\cmd;G:\src\flutter\bin\mingit\cmd
USERNAME=Admin
OS=Windows_NT
PROCESSOR_IDENTIFIER=Intel64 Family 6 Model 58 Stepping 9, GenuineIntel
TMP=C:\Users\Admin\AppData\Local\Temp
TEMP=C:\Users\Admin\AppData\Local\Temp


JNI global refs:
JNI global refs: 18, weak refs: 8

JNI global refs memory usage: 843, weak refs: 841


---------------  S Y S T E M  ---------------

OS:
 Windows 10 , 64 bit Build 19041 (10.0.19041.3393)
OS uptime: 0 days 5:04 hours
Hyper-V role detected

CPU: total 4 (initial active 4) (2 cores per cpu, 2 threads per core) family 6 model 58 stepping 9 microcode 0x21, cx8, cmov, fxsr, ht, mmx, sse, sse2, sse3, ssse3, sse4.1, sse4.2, popcnt, tsc, tscinvbit, avx, aes, erms, clmul, vzeroupper, clflush, hv

Memory: 4k page, system-wide physical 8077M (1153M free)
TotalPageFile size 10940M (AvailPageFile size 22M)
current process WorkingSet (physical memory assigned to process): 84M, peak: 85M
current process commit charge ("private bytes"): 218M, peak: 219M

vm_info: OpenJDK 64-Bit Server VM (17.0.6+0-b2043.56-10027231) for windows-amd64 JRE (17.0.6+0-b2043.56-10027231), built on Apr 28 2023 00:43:19 by "androidbuild" with MS VC++ 16.10 / 16.11 (VS2019)

END.
